<?xml version="1.0" encoding="UTF-8"?>
<!-- Generated by org.testng.reporters.JUnitReportReporter -->
<testsuite hostname="DESKTOP-4FAHTHV" failures="0" tests="1" name="general_Package.TestScript4" time="2.959" errors="0" timestamp="9 Oct 2019 17:48:26 GMT">
  <testcase classname="general_Package.TestScript4" name="f" time="2.959"/>
</testsuite> <!-- general_Package.TestScript4 -->
