<?xml version="1.0" encoding="UTF-8"?>
<!-- Generated by org.testng.reporters.JUnitReportReporter -->
<testsuite hostname="DESKTOP-4FAHTHV" failures="0" tests="1" name="general_Package.TestScript3" time="6.492" errors="0" timestamp="5 Oct 2019 15:25:02 GMT">
  <testcase classname="general_Package.TestScript3" name="f" time="6.492"/>
</testsuite> <!-- general_Package.TestScript3 -->
