<?xml version="1.0" encoding="UTF-8"?>
<!-- Generated by org.testng.reporters.JUnitReportReporter -->
<testsuite hostname="DESKTOP-4FAHTHV" failures="0" tests="1" name="general_Package.Log4j" time="0.014" errors="0" timestamp="9 Oct 2019 17:29:21 GMT">
  <testcase classname="general_Package.Log4j" name="f" time="0.014"/>
</testsuite> <!-- general_Package.Log4j -->
